2022-04-14 15:15:40,938 INFO [main] c.n.c.MailTests [StartupInfoLogger.java:55] Starting MailTests using Java 11.0.14 on DESKTOP-LROHN8B with PID 8456 (started by haose in D:\user\javacode\community)
2022-04-14 15:15:40,953 INFO [main] c.n.c.MailTests [SpringApplication.java:640] No active profile set, falling back to 1 default profile: "default"
2022-04-14 15:15:45,998 INFO [main] o.s.b.a.w.s.WelcomePageHandlerMapping [WelcomePageHandlerMapping.java:57] Adding welcome page template: index
2022-04-14 15:15:46,545 INFO [main] c.n.c.MailTests [StartupInfoLogger.java:61] Started MailTests in 6.562 seconds (JVM running for 8.889)
2022-04-14 15:22:08,681 INFO [main] c.n.c.MailTests [StartupInfoLogger.java:55] Starting MailTests using Java 11.0.14 on DESKTOP-LROHN8B with PID 15796 (started by haose in D:\user\javacode\community)
2022-04-14 15:22:08,683 INFO [main] c.n.c.MailTests [SpringApplication.java:640] No active profile set, falling back to 1 default profile: "default"
2022-04-14 15:22:11,867 INFO [main] o.s.b.a.w.s.WelcomePageHandlerMapping [WelcomePageHandlerMapping.java:57] Adding welcome page template: index
2022-04-14 15:22:12,433 INFO [main] c.n.c.MailTests [StartupInfoLogger.java:61] Started MailTests in 4.658 seconds (JVM running for 6.535)
2022-04-14 15:37:01,010 INFO [main] c.n.c.MailTests [StartupInfoLogger.java:55] Starting MailTests using Java 11.0.14 on DESKTOP-LROHN8B with PID 13916 (started by haose in D:\user\javacode\community)
2022-04-14 15:37:01,015 INFO [main] c.n.c.MailTests [SpringApplication.java:640] No active profile set, falling back to 1 default profile: "default"
2022-04-14 15:37:04,236 INFO [main] o.s.b.a.w.s.WelcomePageHandlerMapping [WelcomePageHandlerMapping.java:57] Adding welcome page template: index
2022-04-14 15:37:04,856 INFO [main] c.n.c.MailTests [StartupInfoLogger.java:61] Started MailTests in 4.828 seconds (JVM running for 6.631)
2022-04-14 15:39:18,506 INFO [main] c.n.c.MailTests [StartupInfoLogger.java:55] Starting MailTests using Java 11.0.14 on DESKTOP-LROHN8B with PID 12860 (started by haose in D:\user\javacode\community)
2022-04-14 15:39:18,510 INFO [main] c.n.c.MailTests [SpringApplication.java:640] No active profile set, falling back to 1 default profile: "default"
2022-04-14 15:39:21,505 INFO [main] o.s.b.a.w.s.WelcomePageHandlerMapping [WelcomePageHandlerMapping.java:57] Adding welcome page template: index
2022-04-14 15:39:22,025 INFO [main] c.n.c.MailTests [StartupInfoLogger.java:61] Started MailTests in 4.345 seconds (JVM running for 5.938)
2022-04-14 23:03:32,318 INFO [restartedMain] c.n.c.CommunityApplication [StartupInfoLogger.java:55] Starting CommunityApplication using Java 11.0.14 on DESKTOP-LROHN8B with PID 12608 (D:\user\javacode\community\target\classes started by haose in D:\user\javacode\community)
2022-04-14 23:03:32,324 INFO [restartedMain] c.n.c.CommunityApplication [SpringApplication.java:640] No active profile set, falling back to 1 default profile: "default"
2022-04-14 23:03:32,392 INFO [restartedMain] o.s.b.d.e.DevToolsPropertyDefaultsPostProcessor [DeferredLog.java:255] Devtools property defaults active! Set 'spring.devtools.add-properties' to 'false' to disable
2022-04-14 23:03:32,393 INFO [restartedMain] o.s.b.d.e.DevToolsPropertyDefaultsPostProcessor [DeferredLog.java:255] For additional web related logging consider setting the 'logging.level.web' property to 'DEBUG'
2022-04-14 23:03:34,279 INFO [restartedMain] o.s.b.w.e.t.TomcatWebServer [TomcatWebServer.java:108] Tomcat initialized with port(s): 8080 (http)
2022-04-14 23:03:34,280 INFO [restartedMain] o.a.c.c.AprLifecycleListener [DirectJDKLog.java:173] Loaded Apache Tomcat Native library [1.2.31] using APR version [1.7.0].
2022-04-14 23:03:34,281 INFO [restartedMain] o.a.c.c.AprLifecycleListener [DirectJDKLog.java:173] APR capabilities: IPv6 [true], sendfile [true], accept filters [false], random [true], UDS [true].
2022-04-14 23:03:34,281 INFO [restartedMain] o.a.c.c.AprLifecycleListener [DirectJDKLog.java:173] APR/OpenSSL configuration: useAprConnector [false], useOpenSSL [true]
2022-04-14 23:03:34,288 INFO [restartedMain] o.a.c.c.AprLifecycleListener [DirectJDKLog.java:173] OpenSSL successfully initialized [OpenSSL 1.1.1l  24 Aug 2021]
2022-04-14 23:03:34,300 INFO [restartedMain] o.a.c.h.Http11NioProtocol [DirectJDKLog.java:173] Initializing ProtocolHandler ["http-nio-8080"]
2022-04-14 23:03:34,300 INFO [restartedMain] o.a.c.c.StandardService [DirectJDKLog.java:173] Starting service [Tomcat]
2022-04-14 23:03:34,301 INFO [restartedMain] o.a.c.c.StandardEngine [DirectJDKLog.java:173] Starting Servlet engine: [Apache Tomcat/9.0.58]
2022-04-14 23:03:34,439 INFO [restartedMain] o.a.c.c.C.[.[.[/community] [DirectJDKLog.java:173] Initializing Spring embedded WebApplicationContext
2022-04-14 23:03:34,440 INFO [restartedMain] o.s.b.w.s.c.ServletWebServerApplicationContext [ServletWebServerApplicationContext.java:290] Root WebApplicationContext: initialization completed in 2046 ms
2022-04-14 23:03:35,387 INFO [restartedMain] o.s.b.a.w.s.WelcomePageHandlerMapping [WelcomePageHandlerMapping.java:57] Adding welcome page template: index
2022-04-14 23:03:35,680 INFO [restartedMain] o.s.b.d.a.OptionalLiveReloadServer [OptionalLiveReloadServer.java:58] LiveReload server is running on port 35729
2022-04-14 23:03:35,722 INFO [restartedMain] o.a.c.h.Http11NioProtocol [DirectJDKLog.java:173] Starting ProtocolHandler ["http-nio-8080"]
2022-04-14 23:03:35,756 INFO [restartedMain] o.s.b.w.e.t.TomcatWebServer [TomcatWebServer.java:220] Tomcat started on port(s): 8080 (http) with context path '/community'
2022-04-14 23:03:35,777 INFO [restartedMain] c.n.c.CommunityApplication [StartupInfoLogger.java:61] Started CommunityApplication in 4.298 seconds (JVM running for 7.675)
2022-04-14 23:03:58,619 INFO [http-nio-8080-exec-2] o.a.c.c.C.[.[.[/community] [DirectJDKLog.java:173] Initializing Spring DispatcherServlet 'dispatcherServlet'
2022-04-14 23:03:58,620 INFO [http-nio-8080-exec-2] o.s.w.s.DispatcherServlet [FrameworkServlet.java:525] Initializing Servlet 'dispatcherServlet'
2022-04-14 23:03:58,621 INFO [http-nio-8080-exec-2] o.s.w.s.DispatcherServlet [FrameworkServlet.java:547] Completed initialization in 1 ms
2022-04-14 23:03:58,743 INFO [http-nio-8080-exec-2] c.z.h.HikariDataSource [HikariDataSource.java:110] HikariPool-1 - Starting...
2022-04-14 23:03:59,253 INFO [http-nio-8080-exec-2] c.z.h.HikariDataSource [HikariDataSource.java:123] HikariPool-1 - Start completed.
2022-04-14 23:05:06,460 INFO [SpringApplicationShutdownHook] c.z.h.HikariDataSource [HikariDataSource.java:350] HikariPool-1 - Shutdown initiated...
2022-04-14 23:05:06,465 INFO [SpringApplicationShutdownHook] c.z.h.HikariDataSource [HikariDataSource.java:352] HikariPool-1 - Shutdown completed.
